<?xml version="1.0" encoding="UTF-8"?>
<!-- Generated by org.testng.reporters.JUnitReportReporter -->
<testsuite hostname="DESKTOP-ER55616" failures="0" tests="1" name="testNGKeywordsStudy.OptionalAnnotationstudy" time="28.612" errors="0" timestamp="2022-12-11T05:28:43 IST" skipped="0">
  <testcase classname="testNGKeywordsStudy.OptionalAnnotationstudy" name="loginWithValidCredentials" time="28.612"/>
  <system-out/>
</testsuite> <!-- testNGKeywordsStudy.OptionalAnnotationstudy -->
