<?xml version="1.0" encoding="UTF-8"?>
<!-- Generated by org.testng.reporters.JUnitReportReporter -->
<testsuite hostname="DESKTOP-ER55616" failures="0" tests="4" name="testNGGroupingStudy.Login" time="0.008" errors="0" timestamp="2022-11-18T09:23:55 IST" skipped="0">
  <testcase classname="testNGGroupingStudy.Login" name="verifywithValidCredentials" time="0.002"/>
  <system-out/>
  <testcase classname="testNGGroupingStudy.Login" name="verifywithoutValidCredentials" time="0.002"/>
  <system-out/>
  <testcase classname="testNGGroupingStudy.Login" name="verifywithInValidCredentials" time="0.002"/>
  <system-out/>
  <testcase classname="testNGGroupingStudy.Login" name="verifywithwrongCredentials" time="0.002"/>
  <system-out/>
</testsuite> <!-- testNGGroupingStudy.Login -->
