<?xml version="1.0" encoding="UTF-8"?>
<!-- Generated by org.testng.reporters.JUnitReportReporter -->
<testsuite hostname="DESKTOP-ER55616" failures="0" tests="3" name="testNG.DataProviderStudy" time="28.172" errors="0" timestamp="2022-11-11T20:18:14 IST" skipped="0">
  <testcase classname="testNG.DataProviderStudy" name="verifyLoginTwo" time="9.372"/>
  <system-out/>
  <testcase classname="testNG.DataProviderStudy" name="verifyLoginOne" time="10.917"/>
  <system-out/>
  <testcase classname="testNG.DataProviderStudy" name="verifyLoginThree" time="7.883"/>
  <system-out/>
</testsuite> <!-- testNG.DataProviderStudy -->
