<?xml version="1.0" encoding="UTF-8"?>
<!-- Generated by org.testng.reporters.JUnitReportReporter -->
<testsuite hostname="DESKTOP-ER55616" failures="0" tests="1" name="tutarialsNinjaTestCase.VerifyLoginWinInvalidEmailAndValidPassword" time="12.815" errors="0" timestamp="2022-11-15T14:15:24 IST" skipped="0">
  <testcase classname="tutarialsNinjaTestCase.VerifyLoginWinInvalidEmailAndValidPassword" name="verifyLoginWithInvalidEmailandCorrectPassword" time="12.815"/>
  <system-out/>
</testsuite> <!-- tutarialsNinjaTestCase.VerifyLoginWinInvalidEmailAndValidPassword -->
