<?xml version="1.0" encoding="UTF-8"?>
<!-- Generated by org.testng.reporters.JUnitReportReporter -->
<testsuite hostname="DESKTOP-ER55616" failures="0" tests="5" name="logicInterview.PriorityExample" time="0.032" errors="0" timestamp="2022-11-11T22:22:17 IST" skipped="0">
  <testcase classname="logicInterview.PriorityExample" name="a1" time="0.003"/>
  <system-out/>
  <testcase classname="logicInterview.PriorityExample" name="a" time="0.005"/>
  <system-out/>
  <testcase classname="logicInterview.PriorityExample" name="A1" time="0.004"/>
  <system-out/>
  <testcase classname="logicInterview.PriorityExample" name="A" time="0.018"/>
  <system-out/>
  <testcase classname="logicInterview.PriorityExample" name="A$" time="0.002"/>
  <system-out/>
</testsuite> <!-- logicInterview.PriorityExample -->
