<?xml version="1.0" encoding="UTF-8"?>
<!-- Generated by org.testng.reporters.JUnitReportReporter -->
<testsuite hostname="DESKTOP-ER55616" failures="0" tests="3" name="testNG.AnotherClassSingleDimensionArrayUseInAnotherClass" time="0.013" errors="0" timestamp="2022-11-12T04:30:28 IST" skipped="0">
  <testcase classname="testNG.AnotherClassSingleDimensionArrayUseInAnotherClass" name="SampleTest" time="0.010"/>
  <system-out/>
  <testcase classname="testNG.AnotherClassSingleDimensionArrayUseInAnotherClass" name="SampleTest" time="0.001"/>
  <system-out/>
  <testcase classname="testNG.AnotherClassSingleDimensionArrayUseInAnotherClass" name="SampleTest" time="0.002"/>
  <system-out/>
</testsuite> <!-- testNG.AnotherClassSingleDimensionArrayUseInAnotherClass -->
