<?xml version="1.0" encoding="UTF-8"?>
<!-- Generated by org.testng.reporters.JUnitReportReporter -->
<testsuite hostname="DESKTOP-ER55616" failures="0" tests="3" name="testNG.ObjectArrayToReturnDataInDataProvider" time="0.019" errors="0" timestamp="2022-11-12T04:03:57 IST" skipped="0">
  <testcase classname="testNG.ObjectArrayToReturnDataInDataProvider" name="Reciever" time="0.013"/>
  <system-out/>
  <testcase classname="testNG.ObjectArrayToReturnDataInDataProvider" name="Reciever" time="0.002"/>
  <system-out/>
  <testcase classname="testNG.ObjectArrayToReturnDataInDataProvider" name="Reciever" time="0.004"/>
  <system-out/>
</testsuite> <!-- testNG.ObjectArrayToReturnDataInDataProvider -->
