<?xml version="1.0" encoding="UTF-8"?>
<!-- Generated by org.testng.reporters.JUnitReportReporter -->
<testsuite hostname="DESKTOP-ER55616" failures="0" tests="1" name="tutarialsNinjaTestCase.VerifyTitleOfDemoPage" time="10.230" errors="0" timestamp="2022-11-15T05:28:24 IST" skipped="0">
  <testcase classname="tutarialsNinjaTestCase.VerifyTitleOfDemoPage" name="verifyTitleOfPage" time="10.230"/>
  <system-out/>
</testsuite> <!-- tutarialsNinjaTestCase.VerifyTitleOfDemoPage -->
