<?xml version="1.0" encoding="UTF-8"?>
<!-- Generated by org.testng.reporters.JUnitReportReporter -->
<testsuite hostname="DESKTOP-ER55616" failures="0" tests="4" name="testNGKeywordsStudy.DependsOnGropss" time="0.020" errors="0" timestamp="2022-11-18T09:53:06 IST" skipped="0">
  <testcase classname="testNGKeywordsStudy.DependsOnGropss" name="verifyRegisteringAccountByAllField" time="0.014"/>
  <system-out/>
  <testcase classname="testNGKeywordsStudy.DependsOnGropss" name="verifyLoginByProvidingValidCredentials" time="0.002"/>
  <system-out/>
  <testcase classname="testNGKeywordsStudy.DependsOnGropss" name="verifyRegisteringAccountByMandatoryField" time="0.002"/>
  <system-out/>
  <testcase classname="testNGKeywordsStudy.DependsOnGropss" name="verifyLoginByProvidingInValidCredentials" time="0.002"/>
  <system-out/>
</testsuite> <!-- testNGKeywordsStudy.DependsOnGropss -->
