<?xml version="1.0" encoding="UTF-8"?>
<!-- Generated by org.testng.reporters.JUnitReportReporter -->
<testsuite hostname="DESKTOP-ER55616" failures="0" tests="1" name="tutarialsNinjaTestCase.VerifyUrl" time="7.731" errors="0" timestamp="2022-11-14T20:42:34 IST" skipped="0">
  <testcase classname="tutarialsNinjaTestCase.VerifyUrl" name="verifyCurrentURL" time="7.731"/>
  <system-out/>
</testsuite> <!-- tutarialsNinjaTestCase.VerifyUrl -->
