<?xml version="1.0" encoding="UTF-8"?>
<!-- Generated by org.testng.reporters.JUnitReportReporter -->
<testsuite hostname="DESKTOP-ER55616" failures="0" tests="2" name="tutarialsNinjaTestCase.DataProvider" time="21.687" errors="0" timestamp="2022-11-14T18:19:59 IST" skipped="0">
  <testcase classname="tutarialsNinjaTestCase.DataProvider" name="sampleTest" time="10.532"/>
  <system-out/>
  <testcase classname="tutarialsNinjaTestCase.DataProvider" name="sampleTest" time="11.155"/>
  <system-out/>
</testsuite> <!-- tutarialsNinjaTestCase.DataProvider -->
