<?xml version="1.0" encoding="UTF-8"?>
<!-- Generated by org.testng.reporters.JUnitReportReporter -->
<testsuite hostname="DESKTOP-ER55616" failures="0" tests="3" name="testNG.JaggedArrayIndataProvider" time="0.018" errors="0" timestamp="2022-11-12T05:04:45 IST" skipped="0">
  <testcase classname="testNG.JaggedArrayIndataProvider" name="sampleTest" time="0.012"/>
  <system-out/>
  <testcase classname="testNG.JaggedArrayIndataProvider" name="sampleTest" time="0.004"/>
  <system-out/>
  <testcase classname="testNG.JaggedArrayIndataProvider" name="sampleTest" time="0.002"/>
  <system-out/>
</testsuite> <!-- testNG.JaggedArrayIndataProvider -->
