<?xml version="1.0" encoding="UTF-8"?>
<!-- Generated by org.testng.reporters.JUnitReportReporter -->
<testsuite hostname="DESKTOP-ER55616" failures="0" tests="2" name="experiment.DataRecieverEx3b" time="16.219" errors="0" timestamp="2022-11-15T04:51:23 IST" skipped="0">
  <testcase classname="experiment.DataRecieverEx3b" name="sampleTest" time="8.758"/>
  <system-out/>
  <testcase classname="experiment.DataRecieverEx3b" name="sampleTest" time="7.461"/>
  <system-out/>
</testsuite> <!-- experiment.DataRecieverEx3b -->
