<?xml version="1.0" encoding="UTF-8"?>
<!-- Generated by org.testng.reporters.JUnitReportReporter -->
<testsuite hostname="DESKTOP-ER55616" failures="0" tests="1" name="experiment.InfoWarningMessage" time="6.672" errors="0" timestamp="2022-12-13T04:25:28 IST" skipped="0">
  <testcase classname="experiment.InfoWarningMessage" name="test" time="6.672"/>
  <system-out/>
</testsuite> <!-- experiment.InfoWarningMessage -->
