<?xml version="1.0" encoding="UTF-8"?>
<!-- Generated by org.testng.reporters.JUnitReportReporter -->
<testsuite hostname="DESKTOP-ER55616" failures="0" tests="3" name="testNG.DataProviderUseEx1" time="49.000" errors="0" timestamp="2022-11-09T11:24:41 IST" skipped="0">
  <testcase classname="testNG.DataProviderUseEx1" name="verifyLoginThree" time="13.252"/>
  <system-out/>
  <testcase classname="testNG.DataProviderUseEx1" name="verifyLoginThree" time="12.537"/>
  <system-out/>
  <testcase classname="testNG.DataProviderUseEx1" name="verifyLoginThree" time="23.211"/>
  <system-out/>
</testsuite> <!-- testNG.DataProviderUseEx1 -->
