<?xml version="1.0" encoding="UTF-8"?>
<!-- Generated by org.testng.reporters.JUnitReportReporter -->
<testsuite hostname="DESKTOP-ER55616" failures="0" tests="2" name="experiment.DataProviderEx2ByUsingName" time="16.834" errors="0" timestamp="2022-11-15T04:45:40 IST" skipped="0">
  <testcase classname="experiment.DataProviderEx2ByUsingName" name="sampleTest" time="7.569"/>
  <system-out/>
  <testcase classname="experiment.DataProviderEx2ByUsingName" name="sampleTest" time="9.265"/>
  <system-out/>
</testsuite> <!-- experiment.DataProviderEx2ByUsingName -->
