<?xml version="1.0" encoding="UTF-8"?>
<!-- Generated by org.testng.reporters.JUnitReportReporter -->
<testsuite hostname="DESKTOP-ER55616" failures="0" tests="1" name="practice.usingPropertyFileInSearchFunctionality" time="11.216" errors="0" timestamp="2022-12-13T07:09:59 IST" skipped="0">
  <testcase classname="practice.usingPropertyFileInSearchFunctionality" name="searchItem" time="11.216"/>
  <system-out/>
</testsuite> <!-- practice.usingPropertyFileInSearchFunctionality -->
