<?xml version="1.0" encoding="UTF-8"?>
<!-- Generated by org.testng.reporters.JUnitReportReporter -->
<testsuite hostname="DESKTOP-ER55616" failures="0" tests="1" name="testNGKeywordsStudy.InvocationCountAndinvocationTimeOutStudy" time="13.564" errors="0" timestamp="2022-11-19T13:58:20 IST" skipped="0">
  <testcase classname="testNGKeywordsStudy.InvocationCountAndinvocationTimeOutStudy" name="sampleTest" time="13.564"/>
  <system-out/>
</testsuite> <!-- testNGKeywordsStudy.InvocationCountAndinvocationTimeOutStudy -->
