<?xml version="1.0" encoding="UTF-8"?>
<!-- Generated by org.testng.reporters.JUnitReportReporter -->
<testsuite hostname="DESKTOP-ER55616" failures="0" tests="3" name="packageLevelExecution.Login" time="0.016" errors="0" timestamp="2022-11-19T08:08:14 IST" skipped="0">
  <testcase classname="packageLevelExecution.Login" name="verifyLoginwithNoCredentials" time="0.013"/>
  <system-out/>
  <testcase classname="packageLevelExecution.Login" name="verifyLoginwithValidCredentials" time="0.002"/>
  <system-out/>
  <testcase classname="packageLevelExecution.Login" name="verifyLoginwithoutValidCredentials" time="0.001"/>
  <system-out/>
</testsuite> <!-- packageLevelExecution.Login -->
