<?xml version="1.0" encoding="UTF-8"?>
<!-- Generated by org.testng.reporters.JUnitReportReporter -->
<testsuite hostname="DESKTOP-ER55616" failures="0" tests="4" name="serialOrParallelExecutionClasses.Register" time="0.021" errors="0" timestamp="2022-11-19T14:34:51 IST" skipped="0">
  <testcase classname="serialOrParallelExecutionClasses.Register" name="registerWithOnlyMandatoryFields" time="0.014"/>
  <system-out/>
  <testcase classname="serialOrParallelExecutionClasses.Register" name="registerAllFields" time="0.002"/>
  <system-out/>
  <testcase classname="serialOrParallelExecutionClasses.Register" name="registerWithoutAnyFields" time="0.002"/>
  <system-out/>
  <testcase classname="serialOrParallelExecutionClasses.Register" name="registerADuplicateAccount" time="0.003"/>
  <system-out/>
</testsuite> <!-- serialOrParallelExecutionClasses.Register -->
