<?xml version="1.0" encoding="UTF-8"?>
<!-- Generated by org.testng.reporters.JUnitReportReporter -->
<testsuite hostname="DESKTOP-ER55616" failures="0" tests="2" name="testNG.PartiallyPassingDataFromDataProviderMethodUsingIndicesAttribute" time="0.016" errors="0" timestamp="2022-11-12T05:30:22 IST" skipped="0">
  <testcase classname="testNG.PartiallyPassingDataFromDataProviderMethodUsingIndicesAttribute" name="sampleData" time="0.014"/>
  <system-out/>
  <testcase classname="testNG.PartiallyPassingDataFromDataProviderMethodUsingIndicesAttribute" name="sampleData" time="0.002"/>
  <system-out/>
</testsuite> <!-- testNG.PartiallyPassingDataFromDataProviderMethodUsingIndicesAttribute -->
