<?xml version="1.0" encoding="UTF-8"?>
<!-- Generated by org.testng.reporters.JUnitReportReporter -->
<testsuite hostname="DESKTOP-ER55616" failures="0" tests="3" name="packageLevelExecution.Register" time="0.005" errors="0" timestamp="2022-11-19T08:08:14 IST" skipped="0">
  <testcase classname="packageLevelExecution.Register" name="verifyRegisteringAccountWithoutEnteringAnyDataInField" time="0.002"/>
  <system-out/>
  <testcase classname="packageLevelExecution.Register" name="verifyRegisteringAccountByAllField" time="0.001"/>
  <system-out/>
  <testcase classname="packageLevelExecution.Register" name="verifyRegisteringAccountByMandatoryField" time="0.002"/>
  <system-out/>
</testsuite> <!-- packageLevelExecution.Register -->
