<?xml version="1.0" encoding="UTF-8"?>
<!-- Generated by org.testng.reporters.JUnitReportReporter -->
<testsuite hostname="DESKTOP-ER55616" failures="0" tests="3" name="testNG.TestClassForDataProvider" time="27.958" errors="0" timestamp="2022-11-09T11:59:48 IST" skipped="0">
  <testcase classname="testNG.TestClassForDataProvider" name="VerifyLogin" time="11.611"/>
  <system-out/>
  <testcase classname="testNG.TestClassForDataProvider" name="VerifyLogin" time="8.363"/>
  <system-out/>
  <testcase classname="testNG.TestClassForDataProvider" name="VerifyLogin" time="7.984"/>
  <system-out/>
</testsuite> <!-- testNG.TestClassForDataProvider -->
