<?xml version="1.0" encoding="UTF-8"?>
<!-- Generated by org.testng.reporters.JUnitReportReporter -->
<testsuite hostname="DESKTOP-ER55616" failures="0" tests="1" name="practice.StudyOfPropertyFiles" time="11.792" errors="0" timestamp="2022-12-12T06:52:15 IST" skipped="0">
  <testcase classname="practice.StudyOfPropertyFiles" name="loginWithValidCredentials" time="11.792"/>
  <system-out/>
</testsuite> <!-- practice.StudyOfPropertyFiles -->
