<?xml version="1.0" encoding="UTF-8"?>
<!-- Generated by org.testng.reporters.JUnitReportReporter -->
<testsuite hostname="DESKTOP-ER55616" failures="0" tests="1" name="tutarialsNinjaTestCase.TitleVerifation" time="6.590" errors="0" timestamp="2022-11-14T20:37:41 IST" skipped="0">
  <testcase classname="tutarialsNinjaTestCase.TitleVerifation" name="VerifyTitle" time="6.590"/>
  <system-out/>
</testsuite> <!-- tutarialsNinjaTestCase.TitleVerifation -->
