<?xml version="1.0" encoding="UTF-8"?>
<!-- Generated by org.testng.reporters.JUnitReportReporter -->
<testsuite hostname="DESKTOP-ER55616" failures="0" tests="1" name="practice.UsingPropertyFilesRegisteringAccount" time="11.493" errors="0" timestamp="2022-12-13T06:54:49 IST" skipped="0">
  <testcase classname="practice.UsingPropertyFilesRegisteringAccount" name="registeringAccount" time="11.493"/>
  <system-out/>
</testsuite> <!-- practice.UsingPropertyFilesRegisteringAccount -->
