<?xml version="1.0" encoding="UTF-8"?>
<!-- Generated by org.testng.reporters.JUnitReportReporter -->
<testsuite hostname="DESKTOP-ER55616" failures="0" tests="1" name="tutarialsNinjaTestCase.SearchResultVerification" time="10.563" errors="0" timestamp="2022-11-15T04:18:34 IST" skipped="0">
  <testcase classname="tutarialsNinjaTestCase.SearchResultVerification" name="searchResult" time="10.563"/>
  <system-out/>
</testsuite> <!-- tutarialsNinjaTestCase.SearchResultVerification -->
