<?xml version="1.0" encoding="UTF-8"?>
<!-- Generated by org.testng.reporters.JUnitReportReporter -->
<testsuite hostname="DESKTOP-ER55616" failures="0" tests="2" name="tutarialsNinjaTestCase.VerifyLoginIdWithValidCredentials" time="30.580" errors="0" timestamp="2022-11-14T23:27:05 IST" skipped="0">
  <testcase classname="tutarialsNinjaTestCase.VerifyLoginIdWithValidCredentials" name="sampleTest" time="7.924"/>
  <system-out/>
  <testcase classname="tutarialsNinjaTestCase.VerifyLoginIdWithValidCredentials" name="sampleTest1" time="22.656"/>
  <system-out/>
</testsuite> <!-- tutarialsNinjaTestCase.VerifyLoginIdWithValidCredentials -->
