<?xml version="1.0" encoding="UTF-8"?>
<!-- Generated by org.testng.reporters.JUnitReportReporter -->
<testsuite hostname="DESKTOP-ER55616" failures="0" tests="4" name="testNGKeywordsStudy.ThreadPoolSize" time="41.944" errors="0" timestamp="2022-11-19T14:21:23 IST" skipped="0">
  <testcase classname="testNGKeywordsStudy.ThreadPoolSize" name="sampleTest" time="5.189"/>
  <system-out/>
  <testcase classname="testNGKeywordsStudy.ThreadPoolSize" name="sampleTest" time="23.344"/>
  <system-out/>
  <testcase classname="testNGKeywordsStudy.ThreadPoolSize" name="sampleTest" time="7.687"/>
  <system-out/>
  <testcase classname="testNGKeywordsStudy.ThreadPoolSize" name="sampleTest" time="5.724"/>
  <system-out/>
</testsuite> <!-- testNGKeywordsStudy.ThreadPoolSize -->
