<?xml version="1.0" encoding="UTF-8"?>
<!-- Generated by org.testng.reporters.JUnitReportReporter -->
<testsuite hostname="DESKTOP-ER55616" failures="0" tests="1" name="testNGKeywordsStudy.ParameterStudy" time="10.907" errors="0" timestamp="2022-12-11T05:12:09 IST" skipped="0">
  <testcase classname="testNGKeywordsStudy.ParameterStudy" name="loginWithValidCredentials" time="10.907"/>
  <system-out/>
</testsuite> <!-- testNGKeywordsStudy.ParameterStudy -->
