<?xml version="1.0" encoding="UTF-8"?>
<!-- Generated by org.testng.reporters.JUnitReportReporter -->
<testsuite hostname="DESKTOP-ER55616" failures="0" tests="1" name="tutarialsNinjaTestCase.verifyLoginWithInvalidPassword" time="9.318" errors="0" timestamp="2022-11-15T14:17:14 IST" skipped="0">
  <testcase classname="tutarialsNinjaTestCase.verifyLoginWithInvalidPassword" name="verifyLogin" time="9.318"/>
  <system-out/>
</testsuite> <!-- tutarialsNinjaTestCase.verifyLoginWithInvalidPassword -->
