<?xml version="1.0" encoding="UTF-8"?>
<!-- Generated by org.testng.reporters.JUnitReportReporter -->
<testsuite hostname="DESKTOP-ER55616" failures="0" tests="3" name="testNG.SingleDimensionObjectArrayInDataProvider" time="0.014" errors="0" timestamp="2022-11-12T04:22:57 IST" skipped="0">
  <testcase classname="testNG.SingleDimensionObjectArrayInDataProvider" name="SampleTest" time="0.011"/>
  <system-out/>
  <testcase classname="testNG.SingleDimensionObjectArrayInDataProvider" name="SampleTest" time="0.001"/>
  <system-out/>
  <testcase classname="testNG.SingleDimensionObjectArrayInDataProvider" name="SampleTest" time="0.002"/>
  <system-out/>
</testsuite> <!-- testNG.SingleDimensionObjectArrayInDataProvider -->
