<?xml version="1.0" encoding="UTF-8"?>
<!-- Generated by org.testng.reporters.JUnitReportReporter -->
<testsuite hostname="DESKTOP-ER55616" failures="0" tests="1" name="tutarialsNinjaTestCase.VarifyLoginWithValidCredentials" time="98.616" errors="0" timestamp="2022-11-14T23:04:19 IST" skipped="0">
  <testcase classname="tutarialsNinjaTestCase.VarifyLoginWithValidCredentials" name="verifyLogin" time="98.616"/>
  <system-out/>
</testsuite> <!-- tutarialsNinjaTestCase.VarifyLoginWithValidCredentials -->
