<?xml version="1.0" encoding="UTF-8"?>
<!-- Generated by org.testng.reporters.JUnitReportReporter -->
<testsuite hostname="DESKTOP-ER55616" failures="0" tests="5" name="serialOrParallelExecutionClasses.Login" time="0.007" errors="0" timestamp="2022-11-19T14:34:51 IST" skipped="0">
  <testcase classname="serialOrParallelExecutionClasses.Login" name="loginWithValidCredentials" time="0.002"/>
  <system-out/>
  <testcase classname="serialOrParallelExecutionClasses.Login" name="loginWithInvalidCredentials" time="0.002"/>
  <system-out/>
  <testcase classname="serialOrParallelExecutionClasses.Login" name="loginWithoutCredentials" time="0.000"/>
  <system-out/>
  <testcase classname="serialOrParallelExecutionClasses.Login" name="loginWithValidEmailAndInvalidPasswordCredentials" time="0.002"/>
  <system-out/>
  <testcase classname="serialOrParallelExecutionClasses.Login" name="loginWithInValidEmailAndvalidPasswordCredentials" time="0.001"/>
  <system-out/>
</testsuite> <!-- serialOrParallelExecutionClasses.Login -->
