<?xml version="1.0" encoding="UTF-8"?>
<!-- Generated by org.testng.reporters.JUnitReportReporter -->
<testsuite hostname="DESKTOP-ER55616" failures="0" tests="2" name="experiment.DataProviderEx1" time="16.018" errors="0" timestamp="2022-11-15T04:31:47 IST" skipped="0">
  <testcase classname="experiment.DataProviderEx1" name="sampleTest" time="8.715"/>
  <system-out/>
  <testcase classname="experiment.DataProviderEx1" name="sampleTest" time="7.303"/>
  <system-out/>
</testsuite> <!-- experiment.DataProviderEx1 -->
