<?xml version="1.0" encoding="UTF-8"?>
<!-- Generated by org.testng.reporters.JUnitReportReporter -->
<testsuite hostname="DESKTOP-ER55616" failures="0" tests="5" name="testNGGroupingStudy.PartialGroupStudy$Register" time="0.024" errors="0" timestamp="2022-11-18T09:34:21 IST" skipped="0">
  <testcase classname="testNGGroupingStudy.PartialGroupStudy$Register" name="registerWithMandatoryField" time="0.016"/>
  <system-out/>
  <testcase classname="testNGGroupingStudy.PartialGroupStudy$Register" name="registerWithEnteringAllField" time="0.003"/>
  <system-out/>
  <testcase classname="testNGGroupingStudy.PartialGroupStudy$Register" name="registerWithoutAnyField" time="0.002"/>
  <system-out/>
  <testcase classname="testNGGroupingStudy.PartialGroupStudy$Register" name="registerWithProvidingWrongInformationInField" time="0.001"/>
  <system-out/>
  <testcase classname="testNGGroupingStudy.PartialGroupStudy$Register" name="registerWithProvidingOnlySpacebarinAllField" time="0.002"/>
  <system-out/>
</testsuite> <!-- testNGGroupingStudy.PartialGroupStudy$Register -->
